<?xml version="1.0" encoding="UTF-8"?>
<!-- Generated by org.testng.reporters.JUnitReportReporter -->
<testsuite hostname="LAPTOP-PLNO5R2G" failures="0" tests="1" name="com.qa.rediff.testcases.Rediff_Links_Test" time="23.240" errors="0" timestamp="2023-06-26T21:27:45 PDT" skipped="0">
  <testcase classname="com.qa.rediff.testcases.Rediff_Links_Test" name="validateLinksPresentOnLandingPage" time="23.240"/>
  <system-out/>
</testsuite> <!-- com.qa.rediff.testcases.Rediff_Links_Test -->
