<?xml version="1.0" encoding="UTF-8"?>
<!-- Generated by org.testng.reporters.JUnitReportReporter -->
<testsuite hostname="LAPTOP-PLNO5R2G" failures="0" tests="8" name="com.qa.rediff.testcases.Rediff_Loginpage_Test" time="89.657" errors="0" timestamp="2023-06-26T21:27:45 PDT" skipped="0">
  <testcase classname="com.qa.rediff.testcases.Rediff_Loginpage_Test" name="loginWithValidCredentialsUsingDataProvider" time="13.798"/>
  <system-out/>
  <testcase classname="com.qa.rediff.testcases.Rediff_Loginpage_Test" name="loginWithValidCredentialsUsingDataProvider" time="14.099"/>
  <system-out/>
  <testcase classname="com.qa.rediff.testcases.Rediff_Loginpage_Test" name="loginWithValidCredentialsUsingDataProvider" time="17.543"/>
  <system-out/>
  <testcase classname="com.qa.rediff.testcases.Rediff_Loginpage_Test" name="loginWithValidCredentialsUsingDataProvider" time="15.133"/>
  <system-out/>
  <testcase classname="com.qa.rediff.testcases.Rediff_Loginpage_Test" name="loginWithInValidCredentials" time="7.594"/>
  <system-out/>
  <testcase classname="com.qa.rediff.testcases.Rediff_Loginpage_Test" name="loginWithValidUsernameInvalidPassword" time="7.590"/>
  <system-out/>
  <testcase classname="com.qa.rediff.testcases.Rediff_Loginpage_Test" name="loginWithInvalidUsernameValidPassword" time="7.591"/>
  <system-out/>
  <testcase classname="com.qa.rediff.testcases.Rediff_Loginpage_Test" name="loginWithNoCredentials" time="6.309"/>
  <system-out/>
</testsuite> <!-- com.qa.rediff.testcases.Rediff_Loginpage_Test -->
