<?xml version="1.0" encoding="UTF-8"?>
<!-- Generated by org.testng.reporters.JUnitReportReporter -->
<testsuite hostname="LAPTOP-PLNO5R2G" failures="0" tests="3" name="com.qa.rediff.testcases.Rediff_Landingpage_Test" time="13.965" errors="0" timestamp="2023-06-26T21:27:45 PDT" skipped="0">
  <testcase classname="com.qa.rediff.testcases.Rediff_Landingpage_Test" name="validateTitleAndCurrentUrl" time="5.424"/>
  <system-out/>
  <testcase classname="com.qa.rediff.testcases.Rediff_Landingpage_Test" name="presenceOfSignInLink" time="4.279"/>
  <system-out/>
  <testcase classname="com.qa.rediff.testcases.Rediff_Landingpage_Test" name="presenceofRediffLogo" time="4.262"/>
  <system-out/>
</testsuite> <!-- com.qa.rediff.testcases.Rediff_Landingpage_Test -->
