<?xml version="1.0" encoding="UTF-8"?>
<!-- Generated by org.testng.reporters.JUnitReportReporter -->
<testsuite hostname="LAPTOP-PLNO5R2G" failures="0" tests="1" name="com.qa.rediff.testcases.Rediff_Logoutpage_Test" time="17.121" errors="0" timestamp="2023-06-26T21:27:45 PDT" skipped="0">
  <testcase classname="com.qa.rediff.testcases.Rediff_Logoutpage_Test" name="validateLogoutFuctionalityWithLogoutMessage" time="17.121"/>
  <system-out/>
</testsuite> <!-- com.qa.rediff.testcases.Rediff_Logoutpage_Test -->
